c:\users\user\source\repos\catenginermk\x64\debug\catengine.lib
c:\users\user\source\repos\catenginermk\x64\debug\catengine.exp
c:\users\user\source\repos\catenginermk\catengine\x64\debug\vc142.pdb
c:\users\user\source\repos\catenginermk\catengine\x64\debug\vc142.idb
c:\users\user\source\repos\catenginermk\catengine\x64\debug\imgui.obj
c:\users\user\source\repos\catenginermk\catengine\x64\debug\resource_manager.obj
c:\users\user\source\repos\catenginermk\catengine\x64\debug\vertex_buffer.obj
c:\users\user\source\repos\catenginermk\catengine\x64\debug\shader.obj
c:\users\user\source\repos\catenginermk\catengine\x64\debug\index_buffer.obj
c:\users\user\source\repos\catenginermk\catengine\x64\debug\buffer.obj
c:\users\user\source\repos\catenginermk\catengine\x64\debug\scene_manager.obj
c:\users\user\source\repos\catenginermk\catengine\x64\debug\scene.obj
c:\users\user\source\repos\catenginermk\catengine\x64\debug\game_object.obj
c:\users\user\source\repos\catenginermk\catengine\x64\debug\transform.obj
c:\users\user\source\repos\catenginermk\catengine\x64\debug\test_comp_rotator.obj
c:\users\user\source\repos\catenginermk\catengine\x64\debug\drawable.obj
c:\users\user\source\repos\catenginermk\catengine\x64\debug\component.obj
c:\users\user\source\repos\catenginermk\catengine\x64\debug\camera.obj
c:\users\user\source\repos\catenginermk\catengine\x64\debug\game_time.obj
c:\users\user\source\repos\catenginermk\catengine\x64\debug\uuid.obj
c:\users\user\source\repos\catenginermk\catengine\x64\debug\game_window.obj
c:\users\user\source\repos\catenginermk\catengine\x64\debug\logger.obj
c:\users\user\source\repos\catenginermk\catengine\x64\debug\input_manager.obj
c:\users\user\source\repos\catenginermk\catengine\x64\debug\engine.obj
c:\users\user\source\repos\catenginermk\catengine\x64\debug\renderer.obj
c:\users\user\source\repos\catenginermk\catengine\x64\debug\imgui_widgets.obj
c:\users\user\source\repos\catenginermk\catengine\x64\debug\imgui_tables.obj
c:\users\user\source\repos\catenginermk\catengine\x64\debug\imgui_impl_opengl3.obj
c:\users\user\source\repos\catenginermk\catengine\x64\debug\imgui_impl_glfw.obj
c:\users\user\source\repos\catenginermk\catengine\x64\debug\imgui_draw.obj
c:\users\user\source\repos\catenginermk\catengine\x64\debug\imgui_demo.obj
c:\users\user\source\repos\catenginermk\catengine\x64\debug\scripts_core.obj
c:\users\user\source\repos\catenginermk\catengine\x64\debug\glad.obj
c:\users\user\source\repos\catenginermk\catengine\x64\debug\input_manager.obj.enc
c:\users\user\source\repos\catenginermk\x64\debug\catengine.pdb
c:\users\user\source\repos\catenginermk\catengine\x64\debug\catengine.tlog\catengine.write.1u.tlog
c:\users\user\source\repos\catenginermk\catengine\x64\debug\catengine.tlog\cl.command.1.tlog
c:\users\user\source\repos\catenginermk\catengine\x64\debug\catengine.tlog\cl.read.1.tlog
c:\users\user\source\repos\catenginermk\catengine\x64\debug\catengine.tlog\cl.write.1.tlog
c:\users\user\source\repos\catenginermk\catengine\x64\debug\catengine.tlog\link-cvtres.read.1.tlog
c:\users\user\source\repos\catenginermk\catengine\x64\debug\catengine.tlog\link-cvtres.write.1.tlog
c:\users\user\source\repos\catenginermk\catengine\x64\debug\catengine.tlog\link-rc.read.1.tlog
c:\users\user\source\repos\catenginermk\catengine\x64\debug\catengine.tlog\link-rc.write.1.tlog
c:\users\user\source\repos\catenginermk\catengine\x64\debug\catengine.tlog\link.19508.delete.1.tlog
c:\users\user\source\repos\catenginermk\catengine\x64\debug\catengine.tlog\link.20764.delete.1.tlog
c:\users\user\source\repos\catenginermk\catengine\x64\debug\catengine.tlog\link.25548.delete.1.tlog
c:\users\user\source\repos\catenginermk\catengine\x64\debug\catengine.tlog\link.4456.delete.1.tlog
c:\users\user\source\repos\catenginermk\catengine\x64\debug\catengine.tlog\link.4684-cvtres.read.1.tlog
c:\users\user\source\repos\catenginermk\catengine\x64\debug\catengine.tlog\link.4684-cvtres.write.1.tlog
c:\users\user\source\repos\catenginermk\catengine\x64\debug\catengine.tlog\link.4684-rc.read.1.tlog
c:\users\user\source\repos\catenginermk\catengine\x64\debug\catengine.tlog\link.4684-rc.write.1.tlog
c:\users\user\source\repos\catenginermk\catengine\x64\debug\catengine.tlog\link.4684.read.1.tlog
c:\users\user\source\repos\catenginermk\catengine\x64\debug\catengine.tlog\link.4684.write.1.tlog
c:\users\user\source\repos\catenginermk\catengine\x64\debug\catengine.tlog\link.8724.delete.1.tlog
c:\users\user\source\repos\catenginermk\catengine\x64\debug\catengine.tlog\link.8992.delete.1.tlog
c:\users\user\source\repos\catenginermk\catengine\x64\debug\catengine.tlog\link.command.1.tlog
c:\users\user\source\repos\catenginermk\catengine\x64\debug\catengine.tlog\link.delete.1.tlog
c:\users\user\source\repos\catenginermk\catengine\x64\debug\catengine.tlog\link.read.1.tlog
c:\users\user\source\repos\catenginermk\catengine\x64\debug\catengine.tlog\link.write.1.tlog
